[2026-06-15T19:22:19.623Z] GET file:///tmp/arqa/index.html → 200 (8ms, 29025B)
[2026-06-15T19:22:19.643Z] GET file:///tmp/arqa/fonts/fonts.css → 200 (1ms, 1005B)
[2026-06-15T19:22:19.643Z] GET file:///tmp/arqa/js/gsap.min.js → 200 (10ms, 72214B)
[2026-06-15T19:22:19.643Z] GET file:///tmp/arqa/js/ScrollTrigger.min.js → 200 (10ms, 43380B)
[2026-06-15T19:22:19.643Z] GET file:///tmp/arqa/img/logo.png → 200 (2ms, 70298B)
[2026-06-15T19:22:19.643Z] GET file:///tmp/arqa/img/hero.jpg → 200 (4ms, 463890B)
[2026-06-15T19:22:19.643Z] GET file:///tmp/arqa/img/feature.jpg → 200 (4ms, 188579B)
[2026-06-15T19:22:19.643Z] GET file:///tmp/arqa/img/garten.jpg → 200 (5ms, 177294B)
[2026-06-15T19:22:19.643Z] GET file:///tmp/arqa/img/winter.jpg → 200 (5ms, 125324B)
[2026-06-15T19:22:19.643Z] GET file:///tmp/arqa/img/reinigung.jpg → 200 (5ms, 80907B)
[2026-06-15T19:22:19.643Z] GET file:///tmp/arqa/img/umzug.jpg → 200 (5ms, 114277B)
[2026-06-15T19:22:19.644Z] GET file:///tmp/arqa/img/hausmeister.jpg → 200 (5ms, 90543B)
[2026-06-15T19:22:19.644Z] GET file:///tmp/arqa/img/cta-banner.jpg → 200 (5ms, 320573B)
[2026-06-15T19:22:19.791Z] GET file:///tmp/arqa/fonts/satoshi-900.woff2 → 200 (3ms, 23484B)
[2026-06-15T19:22:19.791Z] GET file:///tmp/arqa/fonts/satoshi-400.woff2 → 200 (4ms, 25516B)
[2026-06-15T19:22:19.791Z] GET file:///tmp/arqa/fonts/satoshi-500.woff2 → 200 (4ms, 25596B)
[2026-06-15T19:22:19.791Z] GET file:///tmp/arqa/fonts/satoshi-700.woff2 → 200 (5ms, 25328B)
[2026-06-15T19:22:19.791Z] GET file:///tmp/arqa/fonts/clash-display-700.woff2 → 200 (6ms, 14544B)
[2026-06-15T19:22:59.160Z] GET file:///tmp/arqa/index.html → 200 (2ms, 29025B)
[2026-06-15T19:22:59.166Z] GET file:///tmp/arqa/fonts/fonts.css → 200 (2ms, 1005B)
[2026-06-15T19:22:59.167Z] GET file:///tmp/arqa/js/gsap.min.js → 200 (2ms, 72214B)
[2026-06-15T19:22:59.167Z] GET file:///tmp/arqa/js/ScrollTrigger.min.js → 200 (5ms, 43380B)
[2026-06-15T19:22:59.167Z] GET file:///tmp/arqa/img/logo.png → 200 (5ms, 70298B)
[2026-06-15T19:22:59.167Z] GET file:///tmp/arqa/img/hero.jpg → 200 (5ms, 463890B)
[2026-06-15T19:22:59.167Z] GET file:///tmp/arqa/img/feature.jpg → 200 (6ms, 188579B)
[2026-06-15T19:22:59.167Z] GET file:///tmp/arqa/img/garten.jpg → 200 (6ms, 177294B)
[2026-06-15T19:22:59.167Z] GET file:///tmp/arqa/img/winter.jpg → 200 (6ms, 125324B)
[2026-06-15T19:22:59.167Z] GET file:///tmp/arqa/img/reinigung.jpg → 200 (6ms, 80907B)
[2026-06-15T19:22:59.167Z] GET file:///tmp/arqa/img/umzug.jpg → 200 (7ms, 114277B)
[2026-06-15T19:22:59.167Z] GET file:///tmp/arqa/img/hausmeister.jpg → 200 (7ms, 90543B)
[2026-06-15T19:22:59.167Z] GET file:///tmp/arqa/img/cta-banner.jpg → 200 (7ms, 320573B)
[2026-06-15T19:22:59.187Z] GET file:///tmp/arqa/fonts/satoshi-900.woff2 → 200 (2ms, 23484B)
[2026-06-15T19:22:59.187Z] GET file:///tmp/arqa/fonts/satoshi-400.woff2 → 200 (6ms, 25516B)
[2026-06-15T19:22:59.188Z] GET file:///tmp/arqa/fonts/satoshi-700.woff2 → 200 (11ms, 25328B)
[2026-06-15T19:22:59.188Z] GET file:///tmp/arqa/fonts/clash-display-700.woff2 → 200 (12ms, 14544B)
[2026-06-15T19:22:59.188Z] GET file:///tmp/arqa/fonts/satoshi-500.woff2 → 200 (12ms, 25596B)
